
T5A40 075:415 SEGGER J-Link V5.12 Log File (0001ms, 1311ms total)
T5A40 075:415 DLL Compiled: Mar 30 2016 17:28:31 (0001ms, 1311ms total)
T5A40 075:415 Logging started @ 2016-07-05 17:39 (0001ms, 1311ms total)
T5A40 075:473 JLINK_ExecCommand("Device = ATSAMD21G18A", ...)Device "ATSAMD21G18" selected.  returns 0x00 (0001ms, 1312ms total)
T5A40 075:597 JLINK_ExecCommand("device = ATSAMD21G18A", ...)Device "ATSAMD21G18" selected.  returns 0x00 (0001ms, 1313ms total)
T5A40 075:598 JLINK_GetHWStatus(...)  returns 0x00 (0001ms, 1314ms total)
T5A40 075:599 JLINK_ClrRESET() (0002ms, 1316ms total)
T5A40 075:601 JLINK_SetRESET() (0001ms, 1317ms total)
T5A40 075:603 JLINK_ClrRESET() (0001ms, 1318ms total)
T5A40 075:605 JLINK_ClrTCK()  returns 0x00 (0000ms, 1318ms total)
T5A40 075:605 JLINK_SetRESET() (0001ms, 1319ms total)
T5A40 075:606 JLINK_Clock()  returns 0x01 (0001ms, 1320ms total)
T5A40 075:607 JLINK_TIF_Select(JLINKARM_TIF_SWD)  returns 0x00 (0004ms, 1324ms total)
T5A40 075:611 JLINK_SetSpeed(50) (0001ms, 1325ms total)
T5A40 075:612 JLINK_JTAG_StoreRaw(..., 0x108 Bits)  returns 0x00 (0000ms, 1325ms total)
T5A40 075:612 JLINK_JTAG_GetU32(BitPos = 227) >0x108 TIF>  returns 0x0BC11477 (0007ms, 1332ms total)
T5A40 075:619 JLINK_JTAG_StoreRaw(..., 0x08 Bits)  returns 0x00 (0000ms, 1332ms total)
T5A40 075:619 JLINK_JTAG_StoreRaw(..., 0x03 Bits)  returns 0x08 (0000ms, 1332ms total)
T5A40 075:619 JLINK_JTAG_StoreRaw(..., 0x28 Bits)  returns 0x0B (0000ms, 1332ms total)
T5A40 075:619 JLINK_JTAG_GetU8(BitPos = 8) >0x33 TIF>  returns 0xB9 (0002ms, 1334ms total)
T5A40 075:621 JLINK_JTAG_GetU32(BitPos = 11)  returns 0x0BC11477 (0000ms, 1334ms total)
T5A40 075:621 JLINK_JTAG_GetU8(BitPos = 43)  returns 0x00 (0000ms, 1334ms total)
T5A40 075:621 JLINK_JTAG_StoreRaw(..., 0x08 Bits)  returns 0x00 (0000ms, 1334ms total)
T5A40 075:621 JLINK_JTAG_StoreRaw(..., 0x03 Bits)  returns 0x08 (0000ms, 1334ms total)
T5A40 075:621 JLINK_JTAG_StoreRaw(..., 0x28 Bits)  returns 0x0B (0000ms, 1334ms total)
T5A40 075:621 JLINK_JTAG_GetU8(BitPos = 8) >0x33 TIF>  returns 0x01 (0002ms, 1336ms total)
T5A40 075:623 JLINK_JTAG_GetU32(BitPos = 11)  returns 0x00000000 (0000ms, 1336ms total)
T5A40 075:623 JLINK_JTAG_GetU8(BitPos = 43)  returns 0x00 (0000ms, 1336ms total)
T5A40 075:623 JLINK_JTAG_StoreRaw(..., 0x08 Bits)  returns 0x00 (0000ms, 1336ms total)
T5A40 075:623 JLINK_JTAG_StoreRaw(..., 0x03 Bits)  returns 0x08 (0000ms, 1336ms total)
T5A40 075:623 JLINK_JTAG_StoreRaw(..., 0x02 Bits)  returns 0x0B (0000ms, 1336ms total)
T5A40 075:623 JLINK_JTAG_StoreRaw(..., 0x28 Bits)  returns 0x0D (0000ms, 1336ms total)
T5A40 075:623 JLINK_JTAG_GetU8(BitPos = 8) >0x35 TIF>  returns 0x01 (0002ms, 1338ms total)
T5A40 075:625 JLINK_JTAG_StoreRaw(..., 0x08 Bits)  returns 0x00 (0000ms, 1338ms total)
T5A40 075:625 JLINK_JTAG_StoreRaw(..., 0x03 Bits)  returns 0x08 (0000ms, 1338ms total)
T5A40 075:625 JLINK_JTAG_StoreRaw(..., 0x28 Bits)  returns 0x0B (0000ms, 1338ms total)
T5A40 075:625 JLINK_JTAG_GetU8(BitPos = 8) >0x33 TIF>  returns 0x09 (0002ms, 1340ms total)
T5A40 075:627 JLINK_JTAG_GetU32(BitPos = 11)  returns 0xF0000001 (0000ms, 1340ms total)
T5A40 075:627 JLINK_JTAG_GetU8(BitPos = 43)  returns 0x03 (0000ms, 1340ms total)
T5A40 075:627 JLINK_WriteMem(0x41002100, 0x0001 Bytes, ...) - Data: 10 >0x108 TIF>Found SWD-DP with ID 0x0BC11477 >0x0D TIF> >0x28 TIF> >0x0D TIF> >0x28 TIF> >0x0D TIF> >0x28 TIF> >0x0D TIF> >0x28 TIF> >0x0D TIF> >0x21 TIF> >0x0D TIF> >0x28 TIF> >0x0D TIF> >0x28 TIF> >0x0D TIF> >0x28 TIF> >0x0D TIF> >0x21 TIF> >0x0D TIF> >0x21 TIF> >0x0D TIF> >0x28 TIF> >0x0D TIF> >0x28 TIF> >0x0D TIF> >0x28 TIF> >0x0D TIF> >0x28 TIF> >0x0D TIF> >0x28 TIF> >0x0D TIF> >0x28 TIF> >0x0D TIF> >0x21 TIF> >0x0D TIF> >0x21 TIF>
 >0x0D TIF> >0x28 TIF> >0x0D TIF> >0x28 TIF> >0x108 TIF>Found SWD-DP with ID 0x0BC11477 >0x0D TIF> >0x28 TIF> >0x0D TIF> >0x28 TIF> >0x0D TIF> >0x28 TIF> >0x0D TIF> >0x28 TIF> >0x0D TIF> >0x21 TIF> >0x0D TIF> >0x28 TIF> >0x0D TIF> >0x28 TIF> >0x0D TIF> >0x21 TIF> >0x0D TIF> >0x21 TIF> >0x0D TIF> >0x21 TIF> >0x0D TIF> >0x28 TIF> >0x0D TIF> >0x28 TIF> >0x0D TIF> >0x28 TIF> >0x0D TIF> >0x21 TIF> >0x0D TIF> >0x21 TIF> >0x0D TIF> >0x28 TIF> >0x0D TIF> >0x21 TIF> >0x0D TIF> >0x21 TIF>
Found Cortex-M0 r0p1, Little endian. -- CPU_ReadMem(4 bytes @ 0xE000EDF0) -- CPU_ReadMem(4 bytes @ 0xE0002000)FPUnit: 4 code (BP) slots and 0 literal slots -- CPU_ReadMem(4 bytes @ 0xE000EDFC) -- CPU_ReadMem(4 bytes @ 0xE0001000) -- CPU_WriteMem(4 bytes @ 0xE0001000)CoreSight components:ROMTbl 0 @ 41003000 -- CPU_ReadMem(16 bytes @ 0x41003000) -- CPU_ReadMem(16 bytes @ 0xE00FFFF0) -- CPU_ReadMem(16 bytes @ 0xE00FFFE0)ROMTbl 0 [0]: 9F0FC000, CID: B105100D, PID: 000BB4C0 ROM TableROMTbl 1 @ E00FF000
 -- CPU_ReadMem(16 bytes @ 0xE00FF000) -- CPU_ReadMem(16 bytes @ 0xE000EFF0) -- CPU_ReadMem(16 bytes @ 0xE000EFE0)ROMTbl 1 [0]: FFF0F000, CID: B105E00D, PID: 000BB008 SCS -- CPU_ReadMem(16 bytes @ 0xE0001FF0) -- CPU_ReadMem(16 bytes @ 0xE0001FE0)ROMTbl 1 [1]: FFF02000, CID: B105E00D, PID: 000BB00A DWT -- CPU_ReadMem(16 bytes @ 0xE0002FF0) -- CPU_ReadMem(16 bytes @ 0xE0002FE0)ROMTbl 1 [2]: FFF03000, CID: B105E00D, PID: 000BB00B FPB -- CPU_ReadMem(16 bytes @ 0x41006FF0)
 -- CPU_ReadMem(16 bytes @ 0x41006FE0)ROMTbl 0 [1]: 00003000, CID: B105900D, PID: 001BB932 MTB-M0+ -- CPU is running -- CPU_WriteMem(1 bytes @ 0x41002100)  returns 0x01 (0275ms, 1615ms total)
T5A40 075:902 JLINK_ReadMem (0x41002101, 0x0001 Bytes, ...) -- CPU is running -- CPU_ReadMem(1 bytes @ 0x41002101) - Data: 00  returns 0x00 (0007ms, 1622ms total)
T5A40 076:124 JLINK_ReadMem (0x41002101, 0x0001 Bytes, ...) -- CPU is running -- CPU_ReadMem(1 bytes @ 0x41002101) - Data: 01  returns 0x00 (0006ms, 1628ms total)
T5A40 076:130 JLINK_ExecCommand("ProjectFile = C:\Users\think\AppData\Local\Arduino15\packages\arduino\hardware\samd\1.6.6\bootloaders\zero\jlink.config", ...)  returns 0x00 (0001ms, 1629ms total)
T5A40 076:173 JLINK_ExecCommand("Device = ATSAMD21G18A", ...)Device "ATSAMD21G18" selected.  returns 0x00 (0001ms, 1630ms total)
T5A40 076:174 JLINK_TIF_Select(JLINKARM_TIF_SWD)  returns 0x00 (0000ms, 1630ms total)
T5A40 076:174 JLINK_SetSpeed(4000) (0000ms, 1630ms total)
T5A40 076:174 JLINK_ResetPullsRESET(OFF) (0000ms, 1630ms total)
T5A40 076:175 JLINK_Connect() >0x108 TIF>Found SWD-DP with ID 0x0BC11477 >0x0D TIF> >0x28 TIF> >0x0D TIF> >0x28 TIF> >0x0D TIF> >0x28 TIF> >0x0D TIF> >0x28 TIF> >0x0D TIF> >0x21 TIF> >0x0D TIF> >0x28 TIF> >0x0D TIF> >0x28 TIF> >0x0D TIF> >0x28 TIF> >0x0D TIF> >0x21 TIF> >0x0D TIF> >0x21 TIF> >0x108 TIF>Found SWD-DP with ID 0x0BC11477 >0x0D TIF> >0x28 TIF> >0x0D TIF> >0x28 TIF> >0x0D TIF> >0x28 TIF> >0x0D TIF> >0x28 TIF> >0x0D TIF> >0x21 TIF> >0x0D TIF> >0x28 TIF> >0x0D TIF> >0x28 TIF> >0x0D TIF>
 >0x21 TIF> >0x0D TIF> >0x21 TIF> >0x0D TIF> >0x21 TIF> >0x0D TIF> >0x28 TIF> >0x0D TIF> >0x28 TIF> >0x0D TIF> >0x28 TIF> >0x0D TIF> >0x21 TIF> >0x0D TIF> >0x21 TIF> >0x0D TIF> >0x28 TIF> >0x0D TIF> >0x21 TIF> >0x0D TIF> >0x21 TIF>Found Cortex-M0 r0p1, Little endian. -- CPU_ReadMem(4 bytes @ 0xE000EDF0) -- CPU_ReadMem(4 bytes @ 0xE0002000)FPUnit: 4 code (BP) slots and 0 literal slots -- CPU_ReadMem(4 bytes @ 0xE000EDFC) -- CPU_ReadMem(4 bytes @ 0xE0001000) -- CPU_WriteMem(4 bytes @ 0xE0001000)
CoreSight components:ROMTbl 0 @ 41003000 -- CPU_ReadMem(16 bytes @ 0x41003000) -- CPU_ReadMem(16 bytes @ 0xE00FFFF0) -- CPU_ReadMem(16 bytes @ 0xE00FFFE0)ROMTbl 0 [0]: 9F0FC000, CID: B105100D, PID: 000BB4C0 ROM TableROMTbl 1 @ E00FF000 -- CPU_ReadMem(16 bytes @ 0xE00FF000) -- CPU_ReadMem(16 bytes @ 0xE000EFF0) -- CPU_ReadMem(16 bytes @ 0xE000EFE0)ROMTbl 1 [0]: FFF0F000, CID: B105E00D, PID: 000BB008 SCS -- CPU_ReadMem(16 bytes @ 0xE0001FF0) -- CPU_ReadMem(16 bytes @ 0xE0001FE0)
ROMTbl 1 [1]: FFF02000, CID: B105E00D, PID: 000BB00A DWT -- CPU_ReadMem(16 bytes @ 0xE0002FF0) -- CPU_ReadMem(16 bytes @ 0xE0002FE0)ROMTbl 1 [2]: FFF03000, CID: B105E00D, PID: 000BB00B FPB -- CPU_ReadMem(16 bytes @ 0x41006FF0) -- CPU_ReadMem(16 bytes @ 0x41006FE0)ROMTbl 0 [1]: 00003000, CID: B105900D, PID: 001BB932 MTB-M0+  returns 0x00 (0081ms, 1712ms total)
T5A40 076:256 JLINK_Halt()  returns 0x00 (0003ms, 1715ms total)
T5A40 076:261 JLINK_JTAG_GetDeviceID(DeviceIndex = 0)  returns 0x00 (0000ms, 1715ms total)
T5A40 076:261 JLINK_ReadMemU32(0x41002018, 0x0001 Items, ...) -- CPU_ReadMem(4 bytes @ 0x41002018) - Data: 05 03 01 10  returns 0x01 (0001ms, 1716ms total)
T5A40 076:265 JLINK_BeginDownload(Flags = 0x00) (0000ms, 1716ms total)
T5A40 076:265 JLINK_WriteMem(0x00000000, 0x0040 Bytes, ...) - Data: FC 7F 00 20 19 06 00 00 09 06 00 00 0D 06 00 00 ...  returns 0x40 (0001ms, 1717ms total)
T5A40 076:266 JLINK_WriteMem(0x00000040, 0x1B3C Bytes, ...) - Data: 10 B5 06 4C 23 78 00 2B 07 D1 05 4B 00 2B 02 D0 ...  returns 0x1B3C (0000ms, 1717ms total)
T5A40 076:266 JLINK_WriteMem(0x00001B7C, 0x0058 Bytes, ...) - Data: 09 02 43 00 02 01 00 80 32 09 04 00 00 01 02 02 ...  returns 0x58 (0000ms, 1717ms total)
T5F7C 076:274 JLINK_IsHalted()  returns TRUE (0001ms, 1718ms total)
T5F7C 076:275 JLINK_GetMOEs(...) -- CPU_ReadMem(4 bytes @ 0xE000ED30) -- CPU_WriteMem(4 bytes @ 0xE000ED30)  returns 0x01 (0002ms, 1719ms total)
T5F7C 076:277 JLINK_ReadReg(R15 (PC)) -- CPU_ReadMem(4 bytes @ 0x41006004) -- -------------------------------------- -- Start of determining dirty areas in flash cache -- End of determining dirty areas -- Start of preparing flash programming -- Calculating RAM usage -- RAM usage = 2852 Bytes -- Preserving CPU registers -- Preparing memory -- Determining CPU clock frequency -- CPU clock frequency: 1328 kHz -- CPU frequency = 1328 kHz -- Preparing target -- Downloading RAMCode -- Checking target RAM
 -- Preparing RAMCode -- End of preparing flash programmingCPU is running at very low speed (1328 kHz). Readback will be performed instead of CRC calculation. -- CPU is running at 1328 kHz. -- Start of comparing flash -- Read back was estimated as fastest method -- Comparing range 0x0000 - 0x0FFF (16 Sectors, 4 KB), using multi-block CRC calculation -- CPU is running -- CPU_ReadMem(256 bytes @ 0x00000000) -- CPU is running -- CPU_ReadMem(256 bytes @ 0x00000100) -- CPU is running
 -- CPU_ReadMem(256 bytes @ 0x00000200) -- CPU is running -- CPU_ReadMem(256 bytes @ 0x00000300) -- CPU is running -- CPU_ReadMem(256 bytes @ 0x00000400) -- CPU is running -- CPU_ReadMem(256 bytes @ 0x00000500) -- CPU is running -- CPU_ReadMem(256 bytes @ 0x00000600) -- CPU is running -- CPU_ReadMem(256 bytes @ 0x00000700) -- CPU is running -- CPU_ReadMem(256 bytes @ 0x00000800) -- CPU is running -- CPU_ReadMem(256 bytes @ 0x00000900) -- CPU is running -- CPU_ReadMem(256 bytes @ 0x00000A00)
 -- CPU is running -- CPU_ReadMem(256 bytes @ 0x00000B00) -- CPU is running -- CPU_ReadMem(256 bytes @ 0x00000C00) -- CPU is running -- CPU_ReadMem(256 bytes @ 0x00000D00) -- CPU is running -- CPU_ReadMem(256 bytes @ 0x00000E00) -- CPU is running -- CPU_ReadMem(256 bytes @ 0x00000F00) -- CRC does not match for sectors 0-15 -- Comparing range 0x1000 - 0x1BFF (12 Sectors, 3 KB), using multi-block CRC calculation -- CPU is running -- CPU_ReadMem(256 bytes @ 0x00001000) -- CPU is running
 -- CPU_ReadMem(256 bytes @ 0x00001100) -- CPU is running -- CPU_ReadMem(256 bytes @ 0x00001200) -- CPU is running -- CPU_ReadMem(256 bytes @ 0x00001300) -- CPU is running -- CPU_ReadMem(256 bytes @ 0x00001400) -- CPU is running -- CPU_ReadMem(256 bytes @ 0x00001500) -- CPU is running -- CPU_ReadMem(256 bytes @ 0x00001600) -- CPU is running -- CPU_ReadMem(256 bytes @ 0x00001700) -- CPU is running -- CPU_ReadMem(256 bytes @ 0x00001800) -- CPU is running -- CPU_ReadMem(256 bytes @ 0x00001900)
 -- CPU is running -- CPU_ReadMem(256 bytes @ 0x00001A00) -- CPU is running -- CPU_ReadMem(256 bytes @ 0x00001B00) -- CRC does not match for sectors 0-11 -- End of comparing flash -- Start of erasing sectors -- End of erasing sectors -- Start of flash programming -- Programming range 0x00000000 - 0x000003FF (004 Sectors, 1024 Bytes) -- Programming range 0x00000400 - 0x000007FF (004 Sectors, 1024 Bytes) -- Programming range 0x00000800 - 0x00000BFF (004 Sectors, 1024 Bytes)
 -- Programming range 0x00000C00 - 0x00000FFF (004 Sectors, 1024 Bytes) -- Programming range 0x00001000 - 0x000013FF (004 Sectors, 1024 Bytes) -- Programming range 0x00001400 - 0x000017FF (004 Sectors, 1024 Bytes) -- Programming range 0x00001800 - 0x00001BFF (004 Sectors, 1024 Bytes) -- End of flash programming -- 0x0000 - 0x1BFF (028 Sectors, 7 KB) -- Start of verifying flash -- Checksum calculation was estimated as fastest method -- End of verifying flash -- Start of restoring -- Restore RAMCode
 -- Restore content of target memory -- Restore target -- Restore memory -- Restoring CPU registers -- End of restoring -- Flash programming performed for 1 range (7168 bytes) -- Total time needed: 0.280s (Prepare: 0.093s, Compare: 0.067s, Erase: 0.000s, Program: 0.102s, Verify: 0.010s, Restore: 0.006s)  returns 0xFFFFFFFE (0286ms, 2005ms total)
T5F7C 076:563 JLINK_ReadMemU32(0xFFFFFFFF, 0x0001 Items, ...)Mis-aligned memory read: Address: 0xFFFFFFFF, NumBytes: 4, Alignment: 4 (Word-aligned)
  ***** Mis-aligned memory read: Address: 0xFFFFFFFF, NumBytes: 4, Alignment: 4 (Word-aligned) -- CPU_ReadMem(128 bytes @ 0xFFFFFFC0) -- CPU_ReadMem(4 bytes @ 0xFFFFFFFF)  returns 0xFFFFFFFF (0007ms, 2012ms total)
T5A40 076:570 JLINK_EndDownload()  returns 0x00 (0000ms, 2012ms total)
T259C 076:735 JLINK_Halt()  returns 0x00 (0000ms, 2012ms total)
T259C 076:735 JLINK_ReadReg(R15 (PC))  returns 0xFFFFFFFE (0000ms, 2012ms total)
T259C 076:735 JLINK_ReadReg(R13 (SP))  returns 0xFFFFFFFC (0000ms, 2012ms total)
T5F7C 076:775 JLINK_IsHalted()  returns TRUE (0003ms, 2015ms total)
T259C 076:863 JLINK_ReadReg(R0)  returns 0xFFFFFFFF (0000ms, 2012ms total)
T259C 076:863 JLINK_ReadReg(R1)  returns 0x00040000 (0000ms, 2012ms total)
T259C 076:863 JLINK_ReadReg(R2)  returns 0x00000000 (0000ms, 2012ms total)
T259C 076:863 JLINK_ReadReg(R3)  returns 0x00000000 (0000ms, 2012ms total)
T259C 076:863 JLINK_ReadReg(R4)  returns 0x20000000 (0000ms, 2012ms total)
T259C 076:863 JLINK_ReadReg(R5)  returns 0x00007C4C (0000ms, 2012ms total)
T259C 076:863 JLINK_ReadReg(R6)  returns 0x000000E0 (0000ms, 2012ms total)
T259C 076:863 JLINK_ReadReg(R7)  returns 0x20000161 (0000ms, 2012ms total)
T259C 076:863 JLINK_ReadReg(R8)  returns 0xD1FEF7F5 (0000ms, 2012ms total)
T259C 076:863 JLINK_ReadReg(R9)  returns 0x9FFFFD7F (0000ms, 2012ms total)
T259C 076:863 JLINK_ReadReg(R10)  returns 0xBEA7FFE6 (0000ms, 2012ms total)
T259C 076:863 JLINK_ReadReg(R11)  returns 0xF37FEF68 (0000ms, 2012ms total)
T259C 076:863 JLINK_ReadReg(R12)  returns 0x79FFABEF (0000ms, 2012ms total)
T259C 076:863 JLINK_ReadReg(R13 (SP))  returns 0xFFFFFFFC (0000ms, 2012ms total)
T259C 076:863 JLINK_ReadReg(R14)  returns 0x20000161 (0000ms, 2012ms total)
T259C 076:863 JLINK_ReadReg(R15 (PC))  returns 0xFFFFFFFE (0000ms, 2012ms total)
T259C 076:863 JLINK_ReadReg(XPSR)  returns 0x61000000 (0000ms, 2012ms total)
T259C 076:863 JLINK_ReadReg(MSP)  returns 0xFFFFFFFC (0000ms, 2012ms total)
T259C 076:863 JLINK_ReadReg(PSP)  returns 0xFBDCAFD4 (0000ms, 2012ms total)
T259C 076:863 JLINK_ReadReg(PRIMASK)  returns 0x00000000 (0000ms, 2012ms total)
T259C 076:863 JLINK_ReadReg(BASEPRI)  returns 0x00000000 (0000ms, 2012ms total)
T259C 076:863 JLINK_ReadReg(FAULTMASK)  returns 0x00000000 (0000ms, 2012ms total)
T259C 076:863 JLINK_ReadReg(CONTROL)  returns 0x00000000 (0000ms, 2012ms total)
T259C 076:916 JLINK_Reset() -- CPU_ReadMem(4 bytes @ 0x20000000) -- CPU_WriteMem(4 bytes @ 0x20000000) -- CPU_ReadMem(4 bytes @ 0xE000EDFC) -- CPU_WriteMem(4 bytes @ 0xE000EDFC) -- CPU_WriteMem(4 bytes @ 0xE000ED0C) -- CPU is running -- CPU_ReadMem(4 bytes @ 0xE000EDF0) -- CPU is running -- CPU_ReadMem(4 bytes @ 0x41002100) -- CPU is running -- CPU_WriteMem(4 bytes @ 0x41002100) -- CPU is running -- CPU_ReadMem(4 bytes @ 0x41002100) -- CPU is running -- CPU_WriteMem(4 bytes @ 0xE000EDFC)
 -- CPU_WriteMem(4 bytes @ 0xE0002000) -- CPU_ReadMem(4 bytes @ 0xE000EDFC) -- CPU_ReadMem(4 bytes @ 0xE0001000) -- CPU_WriteMem(4 bytes @ 0xE0001000) (0019ms, 2031ms total)
T5F7C 076:935 JLINK_IsHalted()  returns TRUE (0000ms, 2031ms total)
T5F7C 076:935 JLINK_GetMOEs(...) -- CPU_ReadMem(4 bytes @ 0xE000ED30) -- CPU_WriteMem(4 bytes @ 0xE000ED30)  returns 0x01 (0002ms, 2033ms total)
T5F7C 076:937 JLINK_ReadReg(R15 (PC))  returns 0x00000618 (0000ms, 2033ms total)
T5F7C 076:937 JLINK_ReadMemU32(0x00000619, 0x0001 Items, ...)Mis-aligned memory read: Address: 0x00000619, NumBytes: 4, Alignment: 4 (Word-aligned)
  ***** Mis-aligned memory read: Address: 0x00000619, NumBytes: 4, Alignment: 4 (Word-aligned) -- Read from flash cache (4 bytes @ 0x00000619) - Data: B5 18 4B 18  returns 0x01 (0000ms, 2033ms total)
T259C 076:945 JLINK_ReadReg(R15 (PC))  returns 0x00000618 (0000ms, 2033ms total)
T259C 076:945 JLINK_ReadReg(R13 (SP))  returns 0x20007FFC (0000ms, 2033ms total)
T259C 077:035 JLINK_ReadMemHW(0x00000618, 0x0004 Bytes, ...) -- CPU_ReadMem(4 bytes @ 0x00000618) - Data: 10 B5 18 4B  returns 0x00 (0002ms, 2035ms total)
T259C 077:099 JLINK_ReadMemHW(0x000006A0, 0x0001 Bytes, ...) -- CPU_ReadMem(1 bytes @ 0x000006A0) - Data: 70  returns 0x00 (0002ms, 2037ms total)
T5F7C 077:144 JLINK_IsHalted()  returns TRUE (0000ms, 2037ms total)
T259C 077:188 JLINK_ReadReg(R15 (PC))  returns 0x00000618 (0000ms, 2037ms total)
T259C 077:188 JLINK_GetNumBPUnits(Type = 0xFFFFFF02)  returns 0x04 (0000ms, 2037ms total)
T259C 077:189 JLINK_SetBPEx(Addr = 0x000006A0, Type = 0xFFFFFF02)  returns 0x00000001 (0000ms, 2037ms total)
T259C 077:189 JLINK_GetBPInfo(BPHandle = 1)  returns 0x00 (0000ms, 2037ms total)
T259C 077:189 JLINK_Go() -- CPU_WriteMem(4 bytes @ 0xE0002000) -- CPU_ReadMem(4 bytes @ 0xE0001000) -- CPU_WriteMem(4 bytes @ 0xE0001000) -- CPU_WriteMem(4 bytes @ 0xE0002008) -- CPU_WriteMem(4 bytes @ 0xE000200C) -- CPU_WriteMem(4 bytes @ 0xE0002010) -- CPU_WriteMem(4 bytes @ 0xE0002014) -- CPU_WriteMem(4 bytes @ 0xE0001004) (0006ms, 2043ms total)
T5F7C 077:196 JLINK_IsHalted()  returns TRUE (0003ms, 2046ms total)
T5F7C 077:199 JLINK_GetMOEs(...) -- CPU_ReadMem(4 bytes @ 0xE000ED30) -- CPU_WriteMem(4 bytes @ 0xE000ED30)  returns 0x01 (0002ms, 2045ms total)
T5F7C 077:201 JLINK_ReadReg(R15 (PC))  returns 0x000006A0 (0000ms, 2045ms total)
T5F7C 077:201 JLINK_WriteMem(0xE000EDFC, 0x0004 Bytes, ...) - Data: 00 00 00 01 -- CPU_WriteMem(4 bytes @ 0xE000EDFC)  returns 0x04 (0002ms, 2047ms total)
T5F7C 077:203 JLINK_ReadMem (0xE0001000, 0x0004 Bytes, ...) -- CPU_ReadMem(4 bytes @ 0xE0001000) - Data: 00 00 00 20  returns 0x00 (0001ms, 2048ms total)
T5F7C 077:204 JLINK_WriteMem(0xE0001000, 0x0004 Bytes, ...) - Data: 01 00 00 20  returns 0x04 (0000ms, 2048ms total)
T5F7C 077:204 JLINK_WriteMem(0xE0001028, 0x0004 Bytes, ...) - Data: 00 01 00 00  returns 0x04 (0000ms, 2048ms total)
T5F7C 077:204 JLINK_ReadMem (0xE0001028, 0x0004 Bytes, ...) -- CPU_WriteMem(4 bytes @ 0xE0001028) -- CPU_ReadMem(4 bytes @ 0xE0001028) - Data: 00 00 00 00  returns 0x00 (0002ms, 2050ms total)
T5F7C 077:206 JLINK_WriteMem(0xE0001024, 0x0004 Bytes, ...) - Data: 1F 00 00 00  returns 0x04 (0000ms, 2050ms total)
T5F7C 077:206 JLINK_ReadMem (0xE0001024, 0x0004 Bytes, ...) -- CPU_WriteMem(4 bytes @ 0xE0001024) -- CPU_ReadMem(4 bytes @ 0xE0001024) - Data: 1F 00 00 00  returns 0x00 (0002ms, 2052ms total)
T5F7C 077:208 JLINK_WriteMem(0xE0001038, 0x0004 Bytes, ...) - Data: 00 01 00 00  returns 0x04 (0000ms, 2052ms total)
T5F7C 077:208 JLINK_ReadMem (0xE0001038, 0x0004 Bytes, ...) -- CPU_WriteMem(4 bytes @ 0xE0001038) -- CPU_ReadMem(4 bytes @ 0xE0001038) - Data: 00 00 00 00  returns 0x00 (0002ms, 2054ms total)
T5F7C 077:210 JLINK_WriteMem(0xE0001034, 0x0004 Bytes, ...) - Data: 1F 00 00 00  returns 0x04 (0000ms, 2054ms total)
T5F7C 077:210 JLINK_ReadMem (0xE0001034, 0x0004 Bytes, ...) -- CPU_WriteMem(4 bytes @ 0xE0001034) -- CPU_ReadMem(4 bytes @ 0xE0001034) - Data: 1F 00 00 00  returns 0x00 (0002ms, 2056ms total)
T5F7C 077:212 JLINK_WriteMem(0xE0001020, 0x0004 Bytes, ...) - Data: 00 00 00 00  returns 0x04 (0000ms, 2056ms total)
T5F7C 077:212 JLINK_WriteMem(0xE0001024, 0x0004 Bytes, ...) - Data: 00 00 00 00  returns 0x04 (0001ms, 2057ms total)
T5F7C 077:213 JLINK_WriteMem(0xE0001028, 0x0004 Bytes, ...) - Data: 00 00 00 00  returns 0x04 (0000ms, 2057ms total)
T5F7C 077:213 JLINK_WriteMem(0xE0001030, 0x0004 Bytes, ...) - Data: 00 00 00 00  returns 0x04 (0000ms, 2057ms total)
T5F7C 077:213 JLINK_WriteMem(0xE0001034, 0x0004 Bytes, ...) - Data: 00 00 00 00  returns 0x04 (0000ms, 2057ms total)
T5F7C 077:213 JLINK_WriteMem(0xE0001038, 0x0004 Bytes, ...) - Data: 00 00 00 00  returns 0x04 (0000ms, 2057ms total)
T5F7C 077:213 JLINK_GetBPInfo(BPHandle = 1)  returns 0x00 (0000ms, 2057ms total)
T5F7C 077:213 JLINK_ClrBPEx(BPHandle = 0x00000001)  returns 0x00 (0000ms, 2057ms total)
T5F7C 077:213 JLINK_ReadMemU32(0x000006A1, 0x0001 Items, ...)Mis-aligned memory read: Address: 0x000006A1, NumBytes: 4, Alignment: 4 (Word-aligned)
  ***** Mis-aligned memory read: Address: 0x000006A1, NumBytes: 4, Alignment: 4 (Word-aligned) -- Read from flash cache (4 bytes @ 0x000006A1) - Data: B5 38 23 39  returns 0x01 (0000ms, 2057ms total)
T259C 077:215 JLINK_ReadReg(R15 (PC))  returns 0x000006A0 (0000ms, 2057ms total)
T259C 077:215 JLINK_ReadReg(R13 (SP))  returns 0x20007FF4 (0000ms, 2057ms total)
T259C 077:217 JLINK_ReadMemHW(0x000006A0, 0x0004 Bytes, ...) -- CPU_ReadMem(4 bytes @ 0x000006A0) - Data: 70 B5 38 23  returns 0x00 (0001ms, 2058ms total)
T5F7C 077:424 JLINK_IsHalted()  returns TRUE (0000ms, 2058ms total)
T5A40 077:556 JLINK_ReadMemHW(0x00000000, 0x02D0 Bytes, ...) -- CPU_ReadMem(720 bytes @ 0x00000000) - Data: FC 7F 00 20 19 06 00 00 09 06 00 00 0D 06 00 00 ...  returns 0x00 (0005ms, 2063ms total)
T5F7C 077:634 JLINK_IsHalted()  returns TRUE (0000ms, 2063ms total)
T5A40 077:808 JLINK_ReadMemHW(0x000002D0, 0x003C Bytes, ...) -- CPU_ReadMem(60 bytes @ 0x000002D0) - Data: 00 21 80 22 01 F0 DF FA 10 BD C0 46 00 04 00 40 ...  returns 0x00 (0001ms, 2064ms total)
T5F7C 077:834 JLINK_IsHalted()  returns TRUE (0001ms, 2065ms total)
T5A40 077:921 JLINK_ReadMemHW(0x00000000, 0x030C Bytes, ...) -- CPU_ReadMem(780 bytes @ 0x00000000) - Data: FC 7F 00 20 19 06 00 00 09 06 00 00 0D 06 00 00 ...  returns 0x00 (0005ms, 2069ms total)
T5F7C 078:035 JLINK_IsHalted()  returns TRUE (0000ms, 2069ms total)
T5F7C 078:236 JLINK_IsHalted()  returns TRUE (0000ms, 2069ms total)
T5F7C 078:437 JLINK_IsHalted()  returns TRUE (0001ms, 2070ms total)
T5F7C 078:638 JLINK_IsHalted()  returns TRUE (0000ms, 2069ms total)
T5F7C 078:838 JLINK_IsHalted()  returns TRUE (0000ms, 2069ms total)
T5F7C 079:038 JLINK_IsHalted()  returns TRUE (0001ms, 2070ms total)
T5F7C 079:240 JLINK_IsHalted()  returns TRUE (0000ms, 2069ms total)
T5F7C 079:440 JLINK_IsHalted()  returns TRUE (0000ms, 2069ms total)
T5F7C 079:640 JLINK_IsHalted()  returns TRUE (0001ms, 2070ms total)
T5F7C 079:841 JLINK_IsHalted()  returns TRUE (0000ms, 2069ms total)
T5F7C 080:041 JLINK_IsHalted()  returns TRUE (0000ms, 2069ms total)
T5F7C 080:241 JLINK_IsHalted()  returns TRUE (0001ms, 2070ms total)
T5F7C 080:442 JLINK_IsHalted()  returns TRUE (0000ms, 2069ms total)
T5F7C 080:642 JLINK_IsHalted()  returns TRUE (0000ms, 2069ms total)
T259C 080:748 JLINK_ReadMemHW(0x000006A2, 0x0002 Bytes, ...) -- CPU_ReadMem(2 bytes @ 0x000006A2) - Data: 38 23  returns 0x00 (0001ms, 2070ms total)
T259C 080:750 JLINK_ReadMemHW(0x00000742, 0x0002 Bytes, ...) -- CPU_ReadMem(2 bytes @ 0x00000742) - Data: 00 F0  returns 0x00 (0000ms, 2070ms total)
T5A40 080:751 JLINK_SetBPEx(Addr = 0x00000742, Type = 0xFFFFFFF2)  returns 0x00000002 (0000ms, 2070ms total)
T5A40 080:751 JLINK_GetBPInfo(BPHandle = 2)  returns 0x00 (0000ms, 2070ms total)
T5F7C 080:842 JLINK_IsHalted()  returns TRUE (0002ms, 2072ms total)
T5F7C 081:075 JLINK_IsHalted()  returns TRUE (0000ms, 2070ms total)
T5F7C 081:275 JLINK_IsHalted()  returns TRUE (0000ms, 2070ms total)
T5F7C 081:475 JLINK_IsHalted()  returns TRUE (0001ms, 2071ms total)
T5F7C 081:676 JLINK_IsHalted()  returns TRUE (0000ms, 2070ms total)
T5F7C 081:876 JLINK_IsHalted()  returns TRUE (0000ms, 2070ms total)
T5F7C 082:076 JLINK_IsHalted()  returns TRUE (0001ms, 2071ms total)
T259C 082:181 JLINK_ReadReg(R15 (PC))  returns 0x000006A0 (0000ms, 2070ms total)
T259C 082:181 JLINK_Go() -- CPU_WriteMem(4 bytes @ 0xE0002000) -- CPU_WriteMem(4 bytes @ 0xE0001000) -- CPU_ReadMem(4 bytes @ 0xE0001000) -- CPU_WriteMem(4 bytes @ 0xE0001000) -- CPU_WriteMem(4 bytes @ 0xE0001020) -- CPU_WriteMem(4 bytes @ 0xE0001030) -- CPU_WriteMem(4 bytes @ 0xE0001024) -- CPU_WriteMem(4 bytes @ 0xE0001034) -- CPU_WriteMem(4 bytes @ 0xE0001028) -- CPU_WriteMem(4 bytes @ 0xE0001038) -- CPU_WriteMem(4 bytes @ 0xE0002008) (0006ms, 2076ms total)
T5F7C 082:187 JLINK_IsHalted() -- CPU is running -- CPU_ReadMem(4 bytes @ 0x41002100)  returns FALSE (0002ms, 2078ms total)
T5F7C 082:229 JLINK_IsHalted() -- CPU is running -- CPU_ReadMem(4 bytes @ 0x41002100)  returns FALSE (0002ms, 2078ms total)
T5F7C 082:393 JLINK_IsHalted() -- CPU is running -- CPU_ReadMem(4 bytes @ 0x41002100)  returns FALSE (0003ms, 2079ms total)
T5F7C 082:625 JLINK_IsHalted() -- CPU is running -- CPU_ReadMem(4 bytes @ 0x41002100)  returns FALSE (0002ms, 2078ms total)
T5F7C 082:827 JLINK_IsHalted()  returns TRUE (0003ms, 2079ms total)
T5F7C 082:830 JLINK_GetMOEs(...) -- CPU_ReadMem(4 bytes @ 0xE000ED30) -- CPU_WriteMem(4 bytes @ 0xE000ED30)  returns 0x01 (0002ms, 2078ms total)
T5F7C 082:832 JLINK_ReadReg(R15 (PC))  returns 0x00000742 (0000ms, 2078ms total)
T259C 082:837 JLINK_ReadReg(R15 (PC))  returns 0x00000742 (0000ms, 2078ms total)
T259C 082:837 JLINK_ReadReg(R13 (SP))  returns 0x20007FE4 (0000ms, 2078ms total)
T259C 082:837 JLINK_ReadMemHW(0x00000742, 0x0004 Bytes, ...) -- CPU_ReadMem(4 bytes @ 0x00000742) - Data: 00 F0 79 FE  returns 0x00 (0002ms, 2080ms total)
T5A40 082:927 JLINK_ReadMemHW(0x00000000, 0x030C Bytes, ...) -- CPU_ReadMem(780 bytes @ 0x00000000) - Data: FC 7F 00 20 19 06 00 00 09 06 00 00 0D 06 00 00 ...  returns 0x00 (0004ms, 2084ms total)
T5F7C 083:032 JLINK_IsHalted()  returns TRUE (0000ms, 2084ms total)
T5F7C 083:232 JLINK_IsHalted()  returns TRUE (0000ms, 2084ms total)
T5F7C 083:432 JLINK_IsHalted()  returns TRUE (0001ms, 2085ms total)
T5F7C 083:633 JLINK_IsHalted()  returns TRUE (0000ms, 2084ms total)
T5F7C 083:833 JLINK_IsHalted()  returns TRUE (0000ms, 2084ms total)
T5F7C 084:033 JLINK_IsHalted()  returns TRUE (0001ms, 2085ms total)
T5F7C 084:234 JLINK_IsHalted()  returns TRUE (0000ms, 2084ms total)
T5F7C 084:434 JLINK_IsHalted()  returns TRUE (0000ms, 2084ms total)
T5F7C 084:634 JLINK_IsHalted()  returns TRUE (0001ms, 2085ms total)
T259C 084:710 JLINK_ReadReg(R15 (PC))  returns 0x00000742 (0000ms, 2084ms total)
T259C 084:711 JLINK_GetBPInfo(BPHandle = 2)  returns 0x00 (0000ms, 2084ms total)
T259C 084:711 JLINK_ClrBPEx(BPHandle = 0x00000002)  returns 0x00 (0000ms, 2084ms total)
T259C 084:711 JLINK_Step() -- Read from flash cache (2 bytes @ 0x00000742) -- CPU_ReadMem(4 bytes @ 0xE000ED18) -- CPU_WriteMem(4 bytes @ 0xE000ED18) -- CPU_ReadMem(4 bytes @ 0xE000ED18) -- CPU_WriteMem(4 bytes @ 0xE000ED18) -- CPU_ReadMem(4 bytes @ 0xE0001004) -- Read from flash cache (2 bytes @ 0x00000744) -- Simulated  returns 0x00 (0005ms, 2089ms total)
T259C 084:716 JLINK_SetBPEx(Addr = 0x00000742, Type = 0xFFFFFFF2)  returns 0x00000003 (0000ms, 2089ms total)
T259C 084:716 JLINK_GetBPInfo(BPHandle = 3)  returns 0x00 (0000ms, 2089ms total)
T259C 084:716 JLINK_Go() -- CPU_WriteMem(4 bytes @ 0xE0002000) -- CPU_ReadMem(4 bytes @ 0xE0001000) -- CPU_WriteMem(4 bytes @ 0xE0001000) -- CPU_WriteMem(4 bytes @ 0xE0001004) (0009ms, 2098ms total)
T5F7C 084:725 JLINK_IsHalted() -- CPU is running -- CPU_ReadMem(4 bytes @ 0x41002100)  returns FALSE (0002ms, 2100ms total)
T5F7C 084:737 JLINK_IsHalted() -- CPU is running -- CPU_ReadMem(4 bytes @ 0x41002100)  returns FALSE (0002ms, 2102ms total)
T5F7C 084:779 JLINK_IsHalted() -- CPU is running -- CPU_ReadMem(4 bytes @ 0x41002100)  returns FALSE (0002ms, 2102ms total)
T5F7C 084:945 JLINK_IsHalted() -- CPU is running -- CPU_ReadMem(4 bytes @ 0x41002100)  returns FALSE (0004ms, 2104ms total)
T5F7C 085:174 JLINK_IsHalted() -- CPU is running -- CPU_ReadMem(4 bytes @ 0x41002100)  returns FALSE (0002ms, 2102ms total)
T5F7C 085:376 JLINK_IsHalted() -- CPU is running -- CPU_ReadMem(4 bytes @ 0x41002100)  returns FALSE (0002ms, 2102ms total)
T5F7C 085:578 JLINK_IsHalted() -- CPU is running -- CPU_ReadMem(4 bytes @ 0x41002100)  returns FALSE (0006ms, 2106ms total)
T5F7C 085:784 JLINK_IsHalted() -- CPU is running -- CPU_ReadMem(4 bytes @ 0x41002100)  returns FALSE (0004ms, 2104ms total)
T5F7C 085:988 JLINK_IsHalted() -- CPU is running -- CPU_ReadMem(4 bytes @ 0x41002100)  returns FALSE (0002ms, 2102ms total)
T5F7C 086:190 JLINK_IsHalted() -- CPU is running -- CPU_ReadMem(4 bytes @ 0x41002100)  returns FALSE (0002ms, 2102ms total)
T5F7C 086:424 JLINK_IsHalted() -- CPU is running -- CPU_ReadMem(4 bytes @ 0x41002100)  returns FALSE (0002ms, 2102ms total)
T5F7C 086:626 JLINK_IsHalted() -- CPU is running -- CPU_ReadMem(4 bytes @ 0x41002100)  returns FALSE (0003ms, 2103ms total)
T5F7C 086:829 JLINK_IsHalted() -- CPU is running -- CPU_ReadMem(4 bytes @ 0x41002100)  returns FALSE (0002ms, 2102ms total)
T5F7C 087:031 JLINK_IsHalted() -- CPU is running -- CPU_ReadMem(4 bytes @ 0x41002100)  returns FALSE (0002ms, 2102ms total)
T5F7C 087:233 JLINK_IsHalted() -- CPU is running -- CPU_ReadMem(4 bytes @ 0x41002100)  returns FALSE (0002ms, 2102ms total)
T5F7C 087:435 JLINK_IsHalted() -- CPU is running -- CPU_ReadMem(4 bytes @ 0x41002100)  returns FALSE (0002ms, 2102ms total)
T5F7C 087:637 JLINK_IsHalted() -- CPU is running -- CPU_ReadMem(4 bytes @ 0x41002100)  returns FALSE (0004ms, 2104ms total)
T5F7C 087:841 JLINK_IsHalted() -- CPU is running -- CPU_ReadMem(4 bytes @ 0x41002100)  returns FALSE (0003ms, 2103ms total)
T5F7C 088:074 JLINK_IsHalted() -- CPU is running -- CPU_ReadMem(4 bytes @ 0x41002100)  returns FALSE (0002ms, 2102ms total)
T5F7C 088:276 JLINK_IsHalted() -- CPU is running -- CPU_ReadMem(4 bytes @ 0x41002100)  returns FALSE (0002ms, 2102ms total)
T5F7C 088:478 JLINK_IsHalted() -- CPU is running -- CPU_ReadMem(4 bytes @ 0x41002100)  returns FALSE (0002ms, 2102ms total)
T5F7C 088:680 JLINK_IsHalted() -- CPU is running -- CPU_ReadMem(4 bytes @ 0x41002100)  returns FALSE (0002ms, 2102ms total)
T5F7C 088:882 JLINK_IsHalted() -- CPU is running -- CPU_ReadMem(4 bytes @ 0x41002100)  returns FALSE (0002ms, 2102ms total)
T5F7C 089:084 JLINK_IsHalted() -- CPU is running -- CPU_ReadMem(4 bytes @ 0x41002100)  returns FALSE (0002ms, 2102ms total)
T5F7C 089:286 JLINK_IsHalted() -- CPU is running -- CPU_ReadMem(4 bytes @ 0x41002100)  returns FALSE (0002ms, 2102ms total)
T5F7C 089:488 JLINK_IsHalted() -- CPU is running -- CPU_ReadMem(4 bytes @ 0x41002100)  returns FALSE (0002ms, 2102ms total)
T5F7C 089:690 JLINK_IsHalted() -- CPU is running -- CPU_ReadMem(4 bytes @ 0x41002100)  returns FALSE (0002ms, 2102ms total)
T5F7C 089:924 JLINK_IsHalted() -- CPU is running -- CPU_ReadMem(4 bytes @ 0x41002100)  returns FALSE (0002ms, 2102ms total)
T5F7C 090:126 JLINK_IsHalted() -- CPU is running -- CPU_ReadMem(4 bytes @ 0x41002100)  returns FALSE (0002ms, 2102ms total)
T5F7C 090:328 JLINK_IsHalted() -- CPU is running -- CPU_ReadMem(4 bytes @ 0x41002100)  returns FALSE (0002ms, 2102ms total)
T5F7C 090:530 JLINK_IsHalted() -- CPU is running -- CPU_ReadMem(4 bytes @ 0x41002100)  returns FALSE (0002ms, 2102ms total)
T259C 090:644 JLINK_Halt()  returns 0x00 (0003ms, 2103ms total)
T5F7C 090:732 JLINK_IsHalted()  returns TRUE (0000ms, 2103ms total)
T5F7C 090:732 JLINK_GetMOEs(...) -- CPU_ReadMem(4 bytes @ 0xE000ED30) -- CPU_WriteMem(4 bytes @ 0xE000ED30)  returns 0x01 (0002ms, 2105ms total)
T5F7C 090:734 JLINK_ReadReg(R15 (PC))  returns 0x00001548 (0000ms, 2105ms total)
T5F7C 090:734 JLINK_ReadMemU32(0x00001549, 0x0001 Items, ...)Mis-aligned memory read: Address: 0x00001549, NumBytes: 4, Alignment: 4 (Word-aligned)
  ***** Mis-aligned memory read: Address: 0x00001549, NumBytes: 4, Alignment: 4 (Word-aligned) -- Read from flash cache (4 bytes @ 0x00001549) - Data: 1C 08 BD 70  returns 0x01 (0000ms, 2105ms total)
T259C 090:737 JLINK_ReadReg(R15 (PC))  returns 0x00001548 (0000ms, 2105ms total)
T259C 090:737 JLINK_ReadReg(R13 (SP))  returns 0x20007FDC (0000ms, 2105ms total)
T259C 090:802 JLINK_ReadMemHW(0x00001548, 0x0004 Bytes, ...) -- CPU_ReadMem(4 bytes @ 0x00001548) - Data: 18 1C 08 BD  returns 0x00 (0002ms, 2107ms total)
T259C 090:827 JLINK_ReadMem (0x20007FE0, 0x0004 Bytes, ...) -- CPU_ReadMem(64 bytes @ 0x20007FC0) -- Updating C cache (64 bytes @ 0x20007FC0) -- Read from C cache (4 bytes @ 0x20007FE0) - Data: 7D 07 00 00  returns 0x00 (0001ms, 2108ms total)
T259C 090:829 JLINK_ReadMem (0x20007FE0, 0x0004 Bytes, ...) -- Read from C cache (4 bytes @ 0x20007FE0) - Data: 7D 07 00 00  returns 0x00 (0000ms, 2108ms total)
T259C 090:829 JLINK_ReadMemHW(0x0000077C, 0x0004 Bytes, ...) -- CPU_ReadMem(4 bytes @ 0x0000077C) - Data: 00 28 E7 D0  returns 0x00 (0002ms, 2110ms total)
T5F7C 090:935 JLINK_IsHalted()  returns TRUE (0000ms, 2110ms total)
T5A40 091:131 JLINK_ReadMemHW(0x00000000, 0x030C Bytes, ...) -- CPU_ReadMem(780 bytes @ 0x00000000) - Data: FC 7F 00 20 19 06 00 00 09 06 00 00 0D 06 00 00 ...  returns 0x00 (0005ms, 2115ms total)
T5F7C 091:136 JLINK_IsHalted()  returns TRUE (0001ms, 2116ms total)
T5F7C 091:341 JLINK_IsHalted()  returns TRUE (0000ms, 2116ms total)
T5F7C 091:542 JLINK_IsHalted()  returns TRUE (0000ms, 2116ms total)
T5F7C 091:774 JLINK_IsHalted()  returns TRUE (0001ms, 2117ms total)
T5F7C 091:975 JLINK_IsHalted()  returns TRUE (0000ms, 2116ms total)
T5F7C 092:175 JLINK_IsHalted()  returns TRUE (0000ms, 2116ms total)
T5F7C 092:375 JLINK_IsHalted()  returns TRUE (0001ms, 2117ms total)
T5F7C 092:576 JLINK_IsHalted()  returns TRUE (0000ms, 2116ms total)
T5F7C 092:776 JLINK_IsHalted()  returns TRUE (0000ms, 2116ms total)
T5F7C 092:976 JLINK_IsHalted()  returns TRUE (0001ms, 2117ms total)
T5F7C 093:194 JLINK_IsHalted()  returns TRUE (0000ms, 2116ms total)
T5A40 093:374 JLINK_GetBPInfo(BPHandle = 3)  returns 0x00 (0000ms, 2116ms total)
T5A40 093:374 JLINK_ClrBPEx(BPHandle = 0x00000003)  returns 0x00 (0000ms, 2116ms total)
T5F7C 093:424 JLINK_IsHalted()  returns TRUE (0000ms, 2116ms total)
T5A40 093:427 JLINK_ResetPullsRESET(ON) (0000ms, 2116ms total)
T5A40 093:427 JLINK_ResetNoHalt() >0x108 TIF>Found SWD-DP with ID 0x0BC11477 >0x0D TIF> >0x28 TIF> >0x0D TIF> >0x28 TIF> >0x0D TIF> >0x28 TIF> >0x0D TIF> >0x28 TIF> >0x0D TIF> >0x21 TIF> >0x0D TIF> >0x28 TIF> >0x0D TIF> >0x28 TIF> >0x0D TIF> >0x28 TIF> >0x0D TIF> >0x21 TIF> >0x0D TIF> >0x21 TIF> >0x108 TIF>Found SWD-DP with ID 0x0BC11477 >0x0D TIF> >0x28 TIF> >0x0D TIF> >0x28 TIF> >0x0D TIF> >0x28 TIF> >0x0D TIF> >0x28 TIF> >0x0D TIF> >0x21 TIF> >0x0D TIF> >0x28 TIF> >0x0D TIF> >0x28 TIF> >0x0D TIF>
 >0x21 TIF> >0x0D TIF> >0x21 TIF> >0x0D TIF> >0x21 TIF> >0x0D TIF> >0x28 TIF> >0x0D TIF> >0x28 TIF> >0x0D TIF> >0x28 TIF> >0x0D TIF> >0x21 TIF> >0x0D TIF> >0x21 TIF> >0x0D TIF> >0x28 TIF> >0x0D TIF> >0x21 TIF> >0x0D TIF> >0x21 TIF>Found Cortex-M0 r0p1, Little endian. -- CPU_ReadMem(4 bytes @ 0xE000EDF0) -- CPU_ReadMem(4 bytes @ 0xE0002000)FPUnit: 4 code (BP) slots and 0 literal slots -- CPU_ReadMem(4 bytes @ 0xE0001000)CoreSight components:ROMTbl 0 @ 41003000 -- CPU_ReadMem(16 bytes @ 0x41003000)
 -- CPU_ReadMem(16 bytes @ 0xE00FFFF0) -- CPU_ReadMem(16 bytes @ 0xE00FFFE0)ROMTbl 0 [0]: 9F0FC000, CID: B105100D, PID: 000BB4C0 ROM TableROMTbl 1 @ E00FF000 -- CPU_ReadMem(16 bytes @ 0xE00FF000) -- CPU_ReadMem(16 bytes @ 0xE000EFF0) -- CPU_ReadMem(16 bytes @ 0xE000EFE0)ROMTbl 1 [0]: FFF0F000, CID: B105E00D, PID: 000BB008 SCS -- CPU_WriteMem(4 bytes @ 0xE0001000) -- CPU_ReadMem(16 bytes @ 0xE0001FF0) -- CPU_ReadMem(16 bytes @ 0xE0001FE0)ROMTbl 1 [1]: FFF02000, CID: B105E00D, PID: 000BB00A DWT
 -- CPU_ReadMem(16 bytes @ 0xE0002FF0) -- CPU_ReadMem(16 bytes @ 0xE0002FE0)ROMTbl 1 [2]: FFF03000, CID: B105E00D, PID: 000BB00B FPB -- CPU_ReadMem(16 bytes @ 0x41006FF0) -- CPU_ReadMem(16 bytes @ 0x41006FE0)ROMTbl 0 [1]: 00003000, CID: B105900D, PID: 001BB932 MTB-M0+
                JLINK_Reset() -- CPU_ReadMem(4 bytes @ 0xE000EDFC) -- CPU_WriteMem(4 bytes @ 0xE000EDFC) -- CPU_WriteMem(4 bytes @ 0xE000ED0C) -- CPU is running -- CPU_ReadMem(4 bytes @ 0xE000EDF0) -- CPU is running -- CPU_ReadMem(4 bytes @ 0x41002100) -- CPU is running -- CPU_WriteMem(4 bytes @ 0x41002100) -- CPU is running -- CPU_ReadMem(4 bytes @ 0x41002100) -- CPU is running -- CPU_WriteMem(4 bytes @ 0xE000EDFC) -- CPU_WriteMem(4 bytes @ 0xE0002000) -- CPU_ReadMem(4 bytes @ 0xE000EDFC)
 -- CPU_ReadMem(4 bytes @ 0xE0001000) -- CPU_WriteMem(4 bytes @ 0xE0001000) (0018ms, 0018ms total)
                JLINK_Go() -- CPU_ReadMem(4 bytes @ 0xE0001000) -- CPU_WriteMem(4 bytes @ 0xE0001000) -- CPU_WriteMem(4 bytes @ 0xE0002008) -- CPU_WriteMem(4 bytes @ 0xE000200C) -- CPU_WriteMem(4 bytes @ 0xE0002010) -- CPU_WriteMem(4 bytes @ 0xE0002014) -- CPU_WriteMem(4 bytes @ 0xE0001004) (0005ms, 0023ms total)
               (0105ms, 2221ms total)
T5A40 093:547 JLINK_Close() -- CPU is running -- CPU_WriteMem(4 bytes @ 0xE0002008) -- CPU is running -- CPU_WriteMem(4 bytes @ 0xE000200C) -- CPU is running -- CPU_WriteMem(4 bytes @ 0xE0002010) -- CPU is running -- CPU_WriteMem(4 bytes @ 0xE0002014) >0x42 TIF> >0x28 TIF> >0x0D TIF> >0x21 TIF> (0011ms, 2232ms total)
T5A40 093:547  (0011ms, 2232ms total)
T5A40 093:547 Closed (0011ms, 2232ms total)
